{
  "RSpec": {
    "coverage": {
      "/Users/praggya/Code/checkup/app/helpers/application_helper.rb": [
        1,
        null
      ],
      "/Users/praggya/Code/checkup/spec/support/database_cleaner.rb": [
        1,
        1,
        1,
        null,
        null,
        1,
        22,
        null,
        null,
        1,
        1,
        null,
        null,
        1,
        22,
        null,
        null,
        1,
        22,
        null,
        null
      ],
      "/Users/praggya/Code/checkup/spec/support/session_helpers.rb": [
        1,
        1,
        7,
        7,
        7,
        7,
        7,
        null,
        null
      ],
      "/Users/praggya/Code/checkup/app/models/category.rb": [
        1,
        1,
        1,
        null,
        null,
        null,
        null,
        null,
        null,
        null,
        1,
        136,
        null,
        1,
        17,
        17,
        17,
        17,
        17,
        null,
        null,
        1,
        0,
        0,
        0,
        0,
        0,
        null,
        null
      ],
      "/Users/praggya/Code/checkup/app/models/tag.rb": [
        1,
        1,
        1,
        null,
        1,
        63,
        null,
        1,
        null,
        1,
        0,
        0,
        0,
        0,
        0,
        0,
        null,
        0,
        0,
        0,
        0,
        null,
        0,
        null,
        null
      ],
      "/Users/praggya/Code/checkup/app/models/event.rb": [
        1,
        1,
        1,
        null,
        1,
        1,
        1,
        1,
        0,
        0,
        0,
        0,
        null,
        null,
        1,
        0,
        0,
        0,
        0,
        null,
        1,
        null,
        null,
        null,
        1,
        null,
        4,
        4,
        null,
        4,
        1,
        3,
        1,
        2,
        1,
        null,
        1,
        null,
        null,
        null,
        null,
        1,
        5,
        null,
        null
      ],
      "/Users/praggya/Code/checkup/spec/features/user_views_events_page_spec.rb": [
        1,
        null,
        1,
        1,
        1,
        1,
        1,
        1,
        1,
        null,
        1,
        1,
        3,
        null,
        null,
        1,
        1,
        1,
        null,
        1,
        1,
        8,
        null,
        null,
        1,
        1,
        1,
        null,
        1,
        null,
        null,
        null,
        1,
        1,
        1,
        1,
        null,
        null,
        null
      ],
      "/Users/praggya/Code/checkup/spec/features/user_views_routines_spec.rb": [
        1,
        null,
        1,
        1,
        1,
        1,
        1,
        1,
        3,
        null,
        1,
        1,
        null,
        1,
        1,
        1,
        null,
        null,
        null
      ],
      "/Users/praggya/Code/checkup/spec/features/user_views_setup_page_spec.rb": [
        1,
        null,
        1,
        1,
        4,
        4,
        4,
        4,
        4,
        null,
        4,
        4,
        40,
        null,
        null,
        4,
        4,
        null,
        1,
        1,
        null,
        1,
        1,
        1,
        1,
        1,
        null,
        null,
        1,
        1,
        1,
        null,
        1,
        1,
        null,
        null,
        1,
        1,
        1,
        null,
        1,
        1,
        null,
        null,
        1,
        1,
        10,
        null,
        null,
        null,
        null,
        1,
        1,
        1,
        null,
        1,
        1,
        1,
        1,
        null,
        null,
        1,
        1,
        1,
        1,
        null,
        null,
        null,
        1,
        1,
        1,
        null,
        1,
        1,
        1,
        null,
        null,
        1,
        1,
        1,
        null,
        null,
        null,
        1,
        1,
        1,
        null,
        1,
        1,
        1,
        null,
        null,
        1,
        1,
        null,
        null,
        null
      ],
      "/Users/praggya/Code/checkup/spec/models/category_spec.rb": [
        1,
        null,
        1,
        2,
        2,
        null,
        1,
        1,
        null,
        2,
        null,
        null,
        1,
        1,
        1,
        null,
        2,
        null,
        null
      ],
      "/Users/praggya/Code/checkup/spec/models/event_spec.rb": [
        1,
        null,
        1,
        2,
        null,
        1,
        6,
        6,
        6,
        6,
        6,
        null,
        null,
        1,
        1,
        null,
        null,
        1,
        1,
        null,
        1,
        null,
        null,
        1,
        1,
        null,
        1,
        null,
        null,
        1,
        1,
        null,
        1,
        null,
        null,
        1,
        1,
        null,
        1,
        null,
        null
      ],
      "/Users/praggya/Code/checkup/spec/models/tag_spec.rb": [
        1,
        null,
        1,
        2,
        2,
        null,
        null,
        1,
        1,
        null,
        1,
        2,
        null,
        null,
        1,
        1,
        1,
        1,
        null,
        2,
        2,
        null,
        null,
        null
      ],
      "/Users/praggya/Code/checkup/spec/models/user_spec.rb": [
        1,
        null,
        1,
        2,
        null
      ],
      "/Users/praggya/Code/checkup/app/controllers/static_pages_controller.rb": [
        null,
        1,
        1,
        null,
        null
      ],
      "/Users/praggya/Code/checkup/app/controllers/application_controller.rb": [
        1,
        null,
        null,
        1,
        null
      ],
      "/Users/praggya/Code/checkup/app/controllers/pages_controller.rb": [
        1,
        1,
        null,
        1,
        1,
        null,
        null,
        1,
        5,
        5,
        5,
        null,
        null,
        null,
        1,
        null,
        null,
        1,
        1,
        1,
        null,
        1,
        1,
        1,
        1,
        null,
        null,
        null,
        1,
        0,
        0,
        0,
        0,
        null,
        null,
        1,
        4,
        4,
        8,
        8,
        null,
        8,
        null,
        2,
        null,
        null,
        1,
        1,
        0,
        null,
        null,
        null,
        1,
        11,
        11,
        11,
        1,
        null,
        null,
        null
      ],
      "/Users/praggya/Code/checkup/app/controllers/categories_controller.rb": [
        1,
        null,
        1,
        1,
        1,
        null,
        null,
        1,
        0,
        0,
        0,
        0,
        null,
        0,
        0,
        null,
        null,
        1,
        1,
        1,
        null,
        null,
        null
      ]
    },
    "timestamp": 1394065260
  }
}
