{
  "RSpec": {
    "coverage": {
      "/Users/praggya/Code/checkup/spec/support/database_cleaner.rb": [
        1,
        1,
        1,
        null,
        null,
        1,
        17,
        null,
        null,
        1,
        0,
        null,
        null,
        1,
        17,
        null,
        null,
        1,
        17,
        null,
        null
      ],
      "/Users/praggya/Code/checkup/spec/support/session_helpers.rb": [
        1,
        1,
        6,
        6,
        6,
        6,
        6,
        null,
        null
      ],
      "/Users/praggya/Code/checkup/app/models/category.rb": [
        1,
        1,
        1,
        null,
        null,
        null,
        null,
        null,
        null,
        null,
        1,
        52,
        null,
        1,
        0,
        0,
        null,
        null,
        null,
        1,
        26,
        1,
        null,
        1,
        null,
        26,
        26,
        null,
        null
      ],
      "/Users/praggya/Code/checkup/app/models/tag.rb": [
        1,
        1,
        1,
        null,
        1,
        57,
        null,
        1,
        null,
        1,
        0,
        null,
        0,
        0,
        null,
        null,
        null,
        0,
        0,
        0,
        null,
        null,
        0,
        0,
        null,
        0,
        0,
        null,
        0,
        null,
        null
      ],
      "/Users/praggya/Code/checkup/app/models/event.rb": [
        1,
        1,
        1,
        null,
        1,
        1,
        1,
        1,
        0,
        0,
        0,
        0,
        null,
        null,
        1,
        0,
        0,
        0,
        0,
        null,
        1,
        null,
        null,
        null,
        1,
        null,
        0,
        0,
        0,
        0,
        0,
        0,
        null,
        0,
        0,
        0,
        0,
        0,
        0,
        null,
        0,
        null,
        null,
        null,
        null,
        1,
        1,
        null,
        null,
        null,
        null,
        null,
        null,
        null,
        null,
        null,
        null,
        null,
        null,
        null,
        null,
        null,
        null,
        null,
        null,
        null,
        null,
        null,
        null
      ],
      "/Users/praggya/Code/checkup/spec/features/user_views_routines_spec.rb": [
        1,
        null,
        1,
        1,
        1,
        1,
        1,
        1,
        3,
        null,
        1,
        1,
        null,
        1,
        1,
        1,
        null,
        null,
        null
      ],
      "/Users/praggya/Code/checkup/spec/features/user_views_setup_page_spec.rb": [
        1,
        null,
        1,
        1,
        4,
        4,
        4,
        4,
        4,
        null,
        4,
        4,
        40,
        null,
        null,
        4,
        4,
        null,
        1,
        1,
        null,
        1,
        1,
        1,
        1,
        1,
        null,
        null,
        1,
        1,
        1,
        null,
        1,
        1,
        null,
        null,
        1,
        1,
        1,
        null,
        1,
        1,
        null,
        null,
        1,
        1,
        10,
        null,
        null,
        null,
        null,
        1,
        1,
        1,
        null,
        1,
        1,
        1,
        1,
        null,
        null,
        1,
        1,
        1,
        1,
        null,
        null,
        null,
        1,
        1,
        1,
        null,
        1,
        1,
        1,
        null,
        null,
        1,
        1,
        1,
        null,
        null,
        null,
        1,
        1,
        1,
        null,
        1,
        1,
        1,
        null,
        null,
        1,
        1,
        null,
        null,
        null
      ],
      "/Users/praggya/Code/checkup/spec/models/category_spec.rb": [
        1,
        null,
        1,
        2,
        2,
        null,
        1,
        1,
        null,
        2,
        null,
        null,
        1,
        1,
        1,
        null,
        2,
        null,
        null
      ],
      "/Users/praggya/Code/checkup/spec/models/event_spec.rb": [
        1,
        null,
        1,
        2,
        null,
        1,
        2,
        2,
        null,
        null,
        null,
        1,
        1,
        null,
        null,
        null,
        null,
        null,
        null,
        null,
        null,
        null,
        null,
        null,
        null,
        null
      ],
      "/Users/praggya/Code/checkup/spec/models/tag_spec.rb": [
        1,
        null,
        1,
        2,
        2,
        null,
        null,
        1,
        1,
        null,
        1,
        2,
        null,
        null,
        1,
        1,
        1,
        1,
        null,
        2,
        2,
        null,
        null,
        null
      ],
      "/Users/praggya/Code/checkup/spec/models/user_spec.rb": [
        1,
        null,
        1,
        2,
        null
      ],
      "/Users/praggya/Code/checkup/app/controllers/static_pages_controller.rb": [
        null,
        1,
        1,
        null,
        null
      ],
      "/Users/praggya/Code/checkup/app/controllers/application_controller.rb": [
        1,
        null,
        null,
        1,
        null
      ],
      "/Users/praggya/Code/checkup/app/controllers/pages_controller.rb": [
        1,
        1,
        null,
        1,
        1,
        null,
        null,
        1,
        4,
        4,
        4,
        null,
        null,
        null,
        1,
        null,
        null,
        1,
        1,
        1,
        null,
        1,
        1,
        1,
        1,
        null,
        null,
        null,
        1,
        0,
        0,
        0,
        0,
        null,
        null,
        1,
        1,
        0,
        null,
        null,
        null,
        1,
        6,
        6,
        6,
        1,
        null,
        null,
        null
      ]
    },
    "timestamp": 1393951736
  }
}
